2018-01-07T23:19:40+00:00 CRITICAL Cannot use object of type WP_Error as array

2018-01-07T23:19:53+00:00 CRITICAL Cannot use object of type WP_Error as array

2018-01-07T23:29:24+00:00 CRITICAL Cannot use object of type WP_Error as array

2018-01-07T23:31:42+00:00 CRITICAL Cannot use object of type WP_Error as array

2018-01-07T23:34:34+00:00 CRITICAL Cannot use object of type WP_Error as array

2018-01-07T23:34:41+00:00 CRITICAL Cannot use object of type WP_Error as array

2018-01-07T23:35:10+00:00 CRITICAL Cannot use object of type WP_Error as array

2018-01-07T23:35:16+00:00 CRITICAL Cannot use object of type WP_Error as array

2018-01-07T23:38:09+00:00 CRITICAL Cannot use object of type WP_Error as array

2018-01-07T23:38:39+00:00 CRITICAL Cannot use object of type WP_Error as array

2018-01-07T23:39:22+00:00 CRITICAL Cannot use object of type WP_Error as array

2018-01-07T23:43:27+00:00 CRITICAL Cannot use object of type WP_Error as array

2018-01-08T00:08:53+00:00 CRITICAL Cannot use object of type WP_Error as array

2018-01-21T00:10:08+00:00 CRITICAL Uncaught Error: Cannot use object of type WP_Error as array in /var/www/html/blog/wp-content/plugins/nbt-so-widgets/includes/widgets/nbtsow-tab-woocommerce-widget/nbtsow-tab-woocommerce-widget.php:78
Stack trace:
#0 /var/www/html/blog/wp-content/plugins/nbt-so-widgets/includes/widgets/nbtsow-tab-woocommerce-widget/nbtsow-tab-woocommerce-widget.php(53): NBTSOW_WC_Product_Tabs_Widget->getCategories()
#1 /var/www/html/blog/wp-content/plugins/so-widgets-bundle/base/siteorigin-widget.class.php(91): NBTSOW_WC_Product_Tabs_Widget->initialize_form()
#2 /var/www/html/blog/wp-content/plugins/so-widgets-bundle/base/siteorigin-widget.class.php(99): SiteOrigin_Widget->get_widget_form()
#3 /var/www/html/blog/wp-content/plugins/so-widgets-bundle/base/siteorigin-widget.class.php(136): SiteOrigin_Widget->get_cached_widget_form()
#4 /var/www/html/blog/wp-content/plugins/so-widgets-bundle/base/siteorigin-widget.class.php(670): SiteOrigin_Widget->form_options()
#5 /var/www/html/blog/wp-content/plugins/siteorigin-panels/inc/admin

2018-01-21T23:26:34+00:00 CRITICAL Uncaught Error: Cannot use object of type WP_Error as array in /var/www/html/blog/wp-content/plugins/nbt-so-widgets/includes/widgets/nbtsow-tab-woocommerce-widget/nbtsow-tab-woocommerce-widget.php:78
Stack trace:
#0 /var/www/html/blog/wp-content/plugins/nbt-so-widgets/includes/widgets/nbtsow-tab-woocommerce-widget/nbtsow-tab-woocommerce-widget.php(53): NBTSOW_WC_Product_Tabs_Widget->getCategories()
#1 /var/www/html/blog/wp-content/plugins/so-widgets-bundle/base/siteorigin-widget.class.php(91): NBTSOW_WC_Product_Tabs_Widget->initialize_form()
#2 /var/www/html/blog/wp-content/plugins/so-widgets-bundle/base/siteorigin-widget.class.php(99): SiteOrigin_Widget->get_widget_form()
#3 /var/www/html/blog/wp-content/plugins/so-widgets-bundle/base/siteorigin-widget.class.php(136): SiteOrigin_Widget->get_cached_widget_form()
#4 /var/www/html/blog/wp-content/plugins/so-widgets-bundle/base/siteorigin-widget.class.php(670): SiteOrigin_Widget->form_options()
#5 /var/www/html/blog/wp-content/plugins/siteorigin-panels/inc/admin

2018-01-22T12:53:54+00:00 CRITICAL Uncaught Error: Cannot use object of type WP_Error as array in /var/www/html/blog/wp-content/plugins/nbt-so-widgets/includes/widgets/nbtsow-tab-woocommerce-widget/nbtsow-tab-woocommerce-widget.php:78
Stack trace:
#0 /var/www/html/blog/wp-content/plugins/nbt-so-widgets/includes/widgets/nbtsow-tab-woocommerce-widget/nbtsow-tab-woocommerce-widget.php(53): NBTSOW_WC_Product_Tabs_Widget->getCategories()
#1 /var/www/html/blog/wp-content/plugins/so-widgets-bundle/base/siteorigin-widget.class.php(91): NBTSOW_WC_Product_Tabs_Widget->initialize_form()
#2 /var/www/html/blog/wp-content/plugins/so-widgets-bundle/base/siteorigin-widget.class.php(99): SiteOrigin_Widget->get_widget_form()
#3 /var/www/html/blog/wp-content/plugins/so-widgets-bundle/base/siteorigin-widget.class.php(136): SiteOrigin_Widget->get_cached_widget_form()
#4 /var/www/html/blog/wp-content/plugins/so-widgets-bundle/base/siteorigin-widget.class.php(670): SiteOrigin_Widget->form_options()
#5 /var/www/html/blog/wp-content/plugins/siteorigin-panels/inc/admin

2018-01-22T12:54:01+00:00 CRITICAL Uncaught Error: Cannot use object of type WP_Error as array in /var/www/html/blog/wp-content/plugins/nbt-so-widgets/includes/widgets/nbtsow-tab-woocommerce-widget/nbtsow-tab-woocommerce-widget.php:78
Stack trace:
#0 /var/www/html/blog/wp-content/plugins/nbt-so-widgets/includes/widgets/nbtsow-tab-woocommerce-widget/nbtsow-tab-woocommerce-widget.php(53): NBTSOW_WC_Product_Tabs_Widget->getCategories()
#1 /var/www/html/blog/wp-content/plugins/so-widgets-bundle/base/siteorigin-widget.class.php(91): NBTSOW_WC_Product_Tabs_Widget->initialize_form()
#2 /var/www/html/blog/wp-content/plugins/so-widgets-bundle/base/siteorigin-widget.class.php(99): SiteOrigin_Widget->get_widget_form()
#3 /var/www/html/blog/wp-content/plugins/so-widgets-bundle/base/siteorigin-widget.class.php(136): SiteOrigin_Widget->get_cached_widget_form()
#4 /var/www/html/blog/wp-content/plugins/so-widgets-bundle/base/siteorigin-widget.class.php(670): SiteOrigin_Widget->form_options()
#5 /var/www/html/blog/wp-content/plugins/siteorigin-panels/inc/admin

2018-01-22T12:54:06+00:00 CRITICAL Uncaught Error: Cannot use object of type WP_Error as array in /var/www/html/blog/wp-content/plugins/nbt-so-widgets/includes/widgets/nbtsow-tab-woocommerce-widget/nbtsow-tab-woocommerce-widget.php:78
Stack trace:
#0 /var/www/html/blog/wp-content/plugins/nbt-so-widgets/includes/widgets/nbtsow-tab-woocommerce-widget/nbtsow-tab-woocommerce-widget.php(53): NBTSOW_WC_Product_Tabs_Widget->getCategories()
#1 /var/www/html/blog/wp-content/plugins/so-widgets-bundle/base/siteorigin-widget.class.php(91): NBTSOW_WC_Product_Tabs_Widget->initialize_form()
#2 /var/www/html/blog/wp-content/plugins/so-widgets-bundle/base/siteorigin-widget.class.php(99): SiteOrigin_Widget->get_widget_form()
#3 /var/www/html/blog/wp-content/plugins/so-widgets-bundle/base/siteorigin-widget.class.php(136): SiteOrigin_Widget->get_cached_widget_form()
#4 /var/www/html/blog/wp-content/plugins/so-widgets-bundle/base/siteorigin-widget.class.php(670): SiteOrigin_Widget->form_options()
#5 /var/www/html/blog/wp-content/plugins/siteorigin-panels/inc/admin

2018-01-22T12:54:08+00:00 CRITICAL Uncaught Error: Cannot use object of type WP_Error as array in /var/www/html/blog/wp-content/plugins/nbt-so-widgets/includes/widgets/nbtsow-tab-woocommerce-widget/nbtsow-tab-woocommerce-widget.php:78
Stack trace:
#0 /var/www/html/blog/wp-content/plugins/nbt-so-widgets/includes/widgets/nbtsow-tab-woocommerce-widget/nbtsow-tab-woocommerce-widget.php(53): NBTSOW_WC_Product_Tabs_Widget->getCategories()
#1 /var/www/html/blog/wp-content/plugins/so-widgets-bundle/base/siteorigin-widget.class.php(91): NBTSOW_WC_Product_Tabs_Widget->initialize_form()
#2 /var/www/html/blog/wp-content/plugins/so-widgets-bundle/base/siteorigin-widget.class.php(99): SiteOrigin_Widget->get_widget_form()
#3 /var/www/html/blog/wp-content/plugins/so-widgets-bundle/base/siteorigin-widget.class.php(136): SiteOrigin_Widget->get_cached_widget_form()
#4 /var/www/html/blog/wp-content/plugins/so-widgets-bundle/base/siteorigin-widget.class.php(670): SiteOrigin_Widget->form_options()
#5 /var/www/html/blog/wp-content/plugins/siteorigin-panels/inc/admin

2018-01-22T12:54:10+00:00 CRITICAL Uncaught Error: Cannot use object of type WP_Error as array in /var/www/html/blog/wp-content/plugins/nbt-so-widgets/includes/widgets/nbtsow-tab-woocommerce-widget/nbtsow-tab-woocommerce-widget.php:78
Stack trace:
#0 /var/www/html/blog/wp-content/plugins/nbt-so-widgets/includes/widgets/nbtsow-tab-woocommerce-widget/nbtsow-tab-woocommerce-widget.php(53): NBTSOW_WC_Product_Tabs_Widget->getCategories()
#1 /var/www/html/blog/wp-content/plugins/so-widgets-bundle/base/siteorigin-widget.class.php(91): NBTSOW_WC_Product_Tabs_Widget->initialize_form()
#2 /var/www/html/blog/wp-content/plugins/so-widgets-bundle/base/siteorigin-widget.class.php(99): SiteOrigin_Widget->get_widget_form()
#3 /var/www/html/blog/wp-content/plugins/so-widgets-bundle/base/siteorigin-widget.class.php(136): SiteOrigin_Widget->get_cached_widget_form()
#4 /var/www/html/blog/wp-content/plugins/so-widgets-bundle/base/siteorigin-widget.class.php(670): SiteOrigin_Widget->form_options()
#5 /var/www/html/blog/wp-content/plugins/siteorigin-panels/inc/admin

2018-01-22T12:54:12+00:00 CRITICAL Uncaught Error: Cannot use object of type WP_Error as array in /var/www/html/blog/wp-content/plugins/nbt-so-widgets/includes/widgets/nbtsow-tab-woocommerce-widget/nbtsow-tab-woocommerce-widget.php:78
Stack trace:
#0 /var/www/html/blog/wp-content/plugins/nbt-so-widgets/includes/widgets/nbtsow-tab-woocommerce-widget/nbtsow-tab-woocommerce-widget.php(53): NBTSOW_WC_Product_Tabs_Widget->getCategories()
#1 /var/www/html/blog/wp-content/plugins/so-widgets-bundle/base/siteorigin-widget.class.php(91): NBTSOW_WC_Product_Tabs_Widget->initialize_form()
#2 /var/www/html/blog/wp-content/plugins/so-widgets-bundle/base/siteorigin-widget.class.php(99): SiteOrigin_Widget->get_widget_form()
#3 /var/www/html/blog/wp-content/plugins/so-widgets-bundle/base/siteorigin-widget.class.php(136): SiteOrigin_Widget->get_cached_widget_form()
#4 /var/www/html/blog/wp-content/plugins/so-widgets-bundle/base/siteorigin-widget.class.php(670): SiteOrigin_Widget->form_options()
#5 /var/www/html/blog/wp-content/plugins/siteorigin-panels/inc/admin

2018-01-22T12:54:16+00:00 CRITICAL Uncaught Error: Cannot use object of type WP_Error as array in /var/www/html/blog/wp-content/plugins/nbt-so-widgets/includes/widgets/nbtsow-tab-woocommerce-widget/nbtsow-tab-woocommerce-widget.php:78
Stack trace:
#0 /var/www/html/blog/wp-content/plugins/nbt-so-widgets/includes/widgets/nbtsow-tab-woocommerce-widget/nbtsow-tab-woocommerce-widget.php(53): NBTSOW_WC_Product_Tabs_Widget->getCategories()
#1 /var/www/html/blog/wp-content/plugins/so-widgets-bundle/base/siteorigin-widget.class.php(91): NBTSOW_WC_Product_Tabs_Widget->initialize_form()
#2 /var/www/html/blog/wp-content/plugins/so-widgets-bundle/base/siteorigin-widget.class.php(99): SiteOrigin_Widget->get_widget_form()
#3 /var/www/html/blog/wp-content/plugins/so-widgets-bundle/base/siteorigin-widget.class.php(136): SiteOrigin_Widget->get_cached_widget_form()
#4 /var/www/html/blog/wp-content/plugins/so-widgets-bundle/base/siteorigin-widget.class.php(670): SiteOrigin_Widget->form_options()
#5 /var/www/html/blog/wp-content/plugins/siteorigin-panels/inc/admin

2018-01-22T12:54:18+00:00 CRITICAL Uncaught Error: Cannot use object of type WP_Error as array in /var/www/html/blog/wp-content/plugins/nbt-so-widgets/includes/widgets/nbtsow-tab-woocommerce-widget/nbtsow-tab-woocommerce-widget.php:78
Stack trace:
#0 /var/www/html/blog/wp-content/plugins/nbt-so-widgets/includes/widgets/nbtsow-tab-woocommerce-widget/nbtsow-tab-woocommerce-widget.php(53): NBTSOW_WC_Product_Tabs_Widget->getCategories()
#1 /var/www/html/blog/wp-content/plugins/so-widgets-bundle/base/siteorigin-widget.class.php(91): NBTSOW_WC_Product_Tabs_Widget->initialize_form()
#2 /var/www/html/blog/wp-content/plugins/so-widgets-bundle/base/siteorigin-widget.class.php(99): SiteOrigin_Widget->get_widget_form()
#3 /var/www/html/blog/wp-content/plugins/so-widgets-bundle/base/siteorigin-widget.class.php(136): SiteOrigin_Widget->get_cached_widget_form()
#4 /var/www/html/blog/wp-content/plugins/so-widgets-bundle/base/siteorigin-widget.class.php(670): SiteOrigin_Widget->form_options()
#5 /var/www/html/blog/wp-content/plugins/siteorigin-panels/inc/admin

2018-01-23T08:07:25+00:00 CRITICAL Uncaught Error: Cannot use object of type WP_Error as array in /var/www/html/blog/wp-content/plugins/nbt-so-widgets/includes/widgets/nbtsow-tab-woocommerce-widget/nbtsow-tab-woocommerce-widget.php:78
Stack trace:
#0 /var/www/html/blog/wp-content/plugins/nbt-so-widgets/includes/widgets/nbtsow-tab-woocommerce-widget/nbtsow-tab-woocommerce-widget.php(53): NBTSOW_WC_Product_Tabs_Widget->getCategories()
#1 /var/www/html/blog/wp-content/plugins/so-widgets-bundle/base/siteorigin-widget.class.php(91): NBTSOW_WC_Product_Tabs_Widget->initialize_form()
#2 /var/www/html/blog/wp-content/plugins/so-widgets-bundle/base/siteorigin-widget.class.php(99): SiteOrigin_Widget->get_widget_form()
#3 /var/www/html/blog/wp-content/plugins/so-widgets-bundle/base/siteorigin-widget.class.php(136): SiteOrigin_Widget->get_cached_widget_form()
#4 /var/www/html/blog/wp-content/plugins/so-widgets-bundle/base/siteorigin-widget.class.php(670): SiteOrigin_Widget->form_options()
#5 /var/www/html/blog/wp-content/plugins/siteorigin-panels/inc/admin

2018-02-10T23:13:08+00:00 CRITICAL Uncaught Error: Cannot use object of type WP_Error as array in /var/www/html/blog/wp-content/plugins/nbt-so-widgets/includes/widgets/nbtsow-tab-woocommerce-widget/nbtsow-tab-woocommerce-widget.php:78
Stack trace:
#0 /var/www/html/blog/wp-content/plugins/nbt-so-widgets/includes/widgets/nbtsow-tab-woocommerce-widget/nbtsow-tab-woocommerce-widget.php(53): NBTSOW_WC_Product_Tabs_Widget->getCategories()
#1 /var/www/html/blog/wp-content/plugins/so-widgets-bundle/base/siteorigin-widget.class.php(91): NBTSOW_WC_Product_Tabs_Widget->initialize_form()
#2 /var/www/html/blog/wp-content/plugins/so-widgets-bundle/base/siteorigin-widget.class.php(99): SiteOrigin_Widget->get_widget_form()
#3 /var/www/html/blog/wp-content/plugins/so-widgets-bundle/base/siteorigin-widget.class.php(136): SiteOrigin_Widget->get_cached_widget_form()
#4 /var/www/html/blog/wp-content/plugins/so-widgets-bundle/base/siteorigin-widget.class.php(670): SiteOrigin_Widget->form_options()
#5 /var/www/html/blog/wp-content/plugins/siteorigin-panels/inc/admin

2018-02-10T23:18:03+00:00 CRITICAL Uncaught Error: Cannot use object of type WP_Error as array in /var/www/html/blog/wp-content/plugins/nbt-so-widgets/includes/widgets/nbtsow-tab-woocommerce-widget/nbtsow-tab-woocommerce-widget.php:78
Stack trace:
#0 /var/www/html/blog/wp-content/plugins/nbt-so-widgets/includes/widgets/nbtsow-tab-woocommerce-widget/nbtsow-tab-woocommerce-widget.php(53): NBTSOW_WC_Product_Tabs_Widget->getCategories()
#1 /var/www/html/blog/wp-content/plugins/so-widgets-bundle/base/siteorigin-widget.class.php(91): NBTSOW_WC_Product_Tabs_Widget->initialize_form()
#2 /var/www/html/blog/wp-content/plugins/so-widgets-bundle/base/siteorigin-widget.class.php(99): SiteOrigin_Widget->get_widget_form()
#3 /var/www/html/blog/wp-content/plugins/so-widgets-bundle/base/siteorigin-widget.class.php(136): SiteOrigin_Widget->get_cached_widget_form()
#4 /var/www/html/blog/wp-content/plugins/so-widgets-bundle/base/siteorigin-widget.class.php(670): SiteOrigin_Widget->form_options()
#5 /var/www/html/blog/wp-content/plugins/siteorigin-panels/inc/admin

2018-02-10T23:21:29+00:00 CRITICAL Uncaught Error: Cannot use object of type WP_Error as array in /var/www/html/blog/wp-content/plugins/nbt-so-widgets/includes/widgets/nbtsow-tab-woocommerce-widget/nbtsow-tab-woocommerce-widget.php:78
Stack trace:
#0 /var/www/html/blog/wp-content/plugins/nbt-so-widgets/includes/widgets/nbtsow-tab-woocommerce-widget/nbtsow-tab-woocommerce-widget.php(53): NBTSOW_WC_Product_Tabs_Widget->getCategories()
#1 /var/www/html/blog/wp-content/plugins/so-widgets-bundle/base/siteorigin-widget.class.php(91): NBTSOW_WC_Product_Tabs_Widget->initialize_form()
#2 /var/www/html/blog/wp-content/plugins/so-widgets-bundle/base/siteorigin-widget.class.php(99): SiteOrigin_Widget->get_widget_form()
#3 /var/www/html/blog/wp-content/plugins/so-widgets-bundle/base/siteorigin-widget.class.php(136): SiteOrigin_Widget->get_cached_widget_form()
#4 /var/www/html/blog/wp-content/plugins/so-widgets-bundle/base/siteorigin-widget.class.php(670): SiteOrigin_Widget->form_options()
#5 /var/www/html/blog/wp-content/plugins/siteorigin-panels/inc/admin

2018-02-10T23:22:15+00:00 CRITICAL Uncaught Error: Cannot use object of type WP_Error as array in /var/www/html/blog/wp-content/plugins/nbt-so-widgets/includes/widgets/nbtsow-tab-woocommerce-widget/nbtsow-tab-woocommerce-widget.php:78
Stack trace:
#0 /var/www/html/blog/wp-content/plugins/nbt-so-widgets/includes/widgets/nbtsow-tab-woocommerce-widget/nbtsow-tab-woocommerce-widget.php(53): NBTSOW_WC_Product_Tabs_Widget->getCategories()
#1 /var/www/html/blog/wp-content/plugins/so-widgets-bundle/base/siteorigin-widget.class.php(91): NBTSOW_WC_Product_Tabs_Widget->initialize_form()
#2 /var/www/html/blog/wp-content/plugins/so-widgets-bundle/base/siteorigin-widget.class.php(99): SiteOrigin_Widget->get_widget_form()
#3 /var/www/html/blog/wp-content/plugins/so-widgets-bundle/base/siteorigin-widget.class.php(136): SiteOrigin_Widget->get_cached_widget_form()
#4 /var/www/html/blog/wp-content/plugins/so-widgets-bundle/base/siteorigin-widget.class.php(670): SiteOrigin_Widget->form_options()
#5 /var/www/html/blog/wp-content/plugins/siteorigin-panels/inc/admin

2018-02-10T23:26:41+00:00 CRITICAL Uncaught Error: Cannot use object of type WP_Error as array in /var/www/html/blog/wp-content/plugins/nbt-so-widgets/includes/widgets/nbtsow-tab-woocommerce-widget/nbtsow-tab-woocommerce-widget.php:78
Stack trace:
#0 /var/www/html/blog/wp-content/plugins/nbt-so-widgets/includes/widgets/nbtsow-tab-woocommerce-widget/nbtsow-tab-woocommerce-widget.php(53): NBTSOW_WC_Product_Tabs_Widget->getCategories()
#1 /var/www/html/blog/wp-content/plugins/so-widgets-bundle/base/siteorigin-widget.class.php(91): NBTSOW_WC_Product_Tabs_Widget->initialize_form()
#2 /var/www/html/blog/wp-content/plugins/so-widgets-bundle/base/siteorigin-widget.class.php(99): SiteOrigin_Widget->get_widget_form()
#3 /var/www/html/blog/wp-content/plugins/so-widgets-bundle/base/siteorigin-widget.class.php(136): SiteOrigin_Widget->get_cached_widget_form()
#4 /var/www/html/blog/wp-content/plugins/so-widgets-bundle/base/siteorigin-widget.class.php(670): SiteOrigin_Widget->form_options()
#5 /var/www/html/blog/wp-content/plugins/siteorigin-panels/inc/admin

2018-02-10T23:29:04+00:00 CRITICAL Uncaught Error: Cannot use object of type WP_Error as array in /var/www/html/blog/wp-content/plugins/nbt-so-widgets/includes/widgets/nbtsow-tab-woocommerce-widget/nbtsow-tab-woocommerce-widget.php:78
Stack trace:
#0 /var/www/html/blog/wp-content/plugins/nbt-so-widgets/includes/widgets/nbtsow-tab-woocommerce-widget/nbtsow-tab-woocommerce-widget.php(53): NBTSOW_WC_Product_Tabs_Widget->getCategories()
#1 /var/www/html/blog/wp-content/plugins/so-widgets-bundle/base/siteorigin-widget.class.php(91): NBTSOW_WC_Product_Tabs_Widget->initialize_form()
#2 /var/www/html/blog/wp-content/plugins/so-widgets-bundle/base/siteorigin-widget.class.php(99): SiteOrigin_Widget->get_widget_form()
#3 /var/www/html/blog/wp-content/plugins/so-widgets-bundle/base/siteorigin-widget.class.php(136): SiteOrigin_Widget->get_cached_widget_form()
#4 /var/www/html/blog/wp-content/plugins/so-widgets-bundle/base/siteorigin-widget.class.php(670): SiteOrigin_Widget->form_options()
#5 /var/www/html/blog/wp-content/plugins/siteorigin-panels/inc/admin

2018-02-10T23:31:11+00:00 CRITICAL Uncaught Error: Cannot use object of type WP_Error as array in /var/www/html/blog/wp-content/plugins/nbt-so-widgets/includes/widgets/nbtsow-tab-woocommerce-widget/nbtsow-tab-woocommerce-widget.php:78
Stack trace:
#0 /var/www/html/blog/wp-content/plugins/nbt-so-widgets/includes/widgets/nbtsow-tab-woocommerce-widget/nbtsow-tab-woocommerce-widget.php(53): NBTSOW_WC_Product_Tabs_Widget->getCategories()
#1 /var/www/html/blog/wp-content/plugins/so-widgets-bundle/base/siteorigin-widget.class.php(91): NBTSOW_WC_Product_Tabs_Widget->initialize_form()
#2 /var/www/html/blog/wp-content/plugins/so-widgets-bundle/base/siteorigin-widget.class.php(99): SiteOrigin_Widget->get_widget_form()
#3 /var/www/html/blog/wp-content/plugins/so-widgets-bundle/base/siteorigin-widget.class.php(136): SiteOrigin_Widget->get_cached_widget_form()
#4 /var/www/html/blog/wp-content/plugins/so-widgets-bundle/base/siteorigin-widget.class.php(670): SiteOrigin_Widget->form_options()
#5 /var/www/html/blog/wp-content/plugins/siteorigin-panels/inc/admin

2018-02-11T14:04:29+00:00 CRITICAL Uncaught Error: Cannot use object of type WP_Error as array in /var/www/html/blog/wp-content/plugins/nbt-so-widgets/includes/widgets/nbtsow-tab-woocommerce-widget/nbtsow-tab-woocommerce-widget.php:78
Stack trace:
#0 /var/www/html/blog/wp-content/plugins/nbt-so-widgets/includes/widgets/nbtsow-tab-woocommerce-widget/nbtsow-tab-woocommerce-widget.php(53): NBTSOW_WC_Product_Tabs_Widget->getCategories()
#1 /var/www/html/blog/wp-content/plugins/so-widgets-bundle/base/siteorigin-widget.class.php(91): NBTSOW_WC_Product_Tabs_Widget->initialize_form()
#2 /var/www/html/blog/wp-content/plugins/so-widgets-bundle/base/siteorigin-widget.class.php(99): SiteOrigin_Widget->get_widget_form()
#3 /var/www/html/blog/wp-content/plugins/so-widgets-bundle/base/siteorigin-widget.class.php(136): SiteOrigin_Widget->get_cached_widget_form()
#4 /var/www/html/blog/wp-content/plugins/so-widgets-bundle/base/siteorigin-widget.class.php(670): SiteOrigin_Widget->form_options()
#5 /var/www/html/blog/wp-content/plugins/siteorigin-panels/inc/admin

2018-02-11T14:26:52+00:00 CRITICAL Uncaught Error: Cannot use object of type WP_Error as array in /var/www/html/blog/wp-content/plugins/nbt-so-widgets/includes/widgets/nbtsow-tab-woocommerce-widget/nbtsow-tab-woocommerce-widget.php:78
Stack trace:
#0 /var/www/html/blog/wp-content/plugins/nbt-so-widgets/includes/widgets/nbtsow-tab-woocommerce-widget/nbtsow-tab-woocommerce-widget.php(53): NBTSOW_WC_Product_Tabs_Widget->getCategories()
#1 /var/www/html/blog/wp-content/plugins/so-widgets-bundle/base/siteorigin-widget.class.php(91): NBTSOW_WC_Product_Tabs_Widget->initialize_form()
#2 /var/www/html/blog/wp-content/plugins/so-widgets-bundle/base/siteorigin-widget.class.php(99): SiteOrigin_Widget->get_widget_form()
#3 /var/www/html/blog/wp-content/plugins/so-widgets-bundle/base/siteorigin-widget.class.php(136): SiteOrigin_Widget->get_cached_widget_form()
#4 /var/www/html/blog/wp-content/plugins/so-widgets-bundle/base/siteorigin-widget.class.php(670): SiteOrigin_Widget->form_options()
#5 /var/www/html/blog/wp-content/plugins/siteorigin-panels/inc/admin

2018-02-11T14:26:59+00:00 CRITICAL Uncaught Error: Cannot use object of type WP_Error as array in /var/www/html/blog/wp-content/plugins/nbt-so-widgets/includes/widgets/nbtsow-tab-woocommerce-widget/nbtsow-tab-woocommerce-widget.php:78
Stack trace:
#0 /var/www/html/blog/wp-content/plugins/nbt-so-widgets/includes/widgets/nbtsow-tab-woocommerce-widget/nbtsow-tab-woocommerce-widget.php(53): NBTSOW_WC_Product_Tabs_Widget->getCategories()
#1 /var/www/html/blog/wp-content/plugins/so-widgets-bundle/base/siteorigin-widget.class.php(91): NBTSOW_WC_Product_Tabs_Widget->initialize_form()
#2 /var/www/html/blog/wp-content/plugins/so-widgets-bundle/base/siteorigin-widget.class.php(99): SiteOrigin_Widget->get_widget_form()
#3 /var/www/html/blog/wp-content/plugins/so-widgets-bundle/base/siteorigin-widget.class.php(136): SiteOrigin_Widget->get_cached_widget_form()
#4 /var/www/html/blog/wp-content/plugins/so-widgets-bundle/base/siteorigin-widget.class.php(670): SiteOrigin_Widget->form_options()
#5 /var/www/html/blog/wp-content/plugins/siteorigin-panels/inc/admin

2018-02-11T14:27:03+00:00 CRITICAL Uncaught Error: Cannot use object of type WP_Error as array in /var/www/html/blog/wp-content/plugins/nbt-so-widgets/includes/widgets/nbtsow-tab-woocommerce-widget/nbtsow-tab-woocommerce-widget.php:78
Stack trace:
#0 /var/www/html/blog/wp-content/plugins/nbt-so-widgets/includes/widgets/nbtsow-tab-woocommerce-widget/nbtsow-tab-woocommerce-widget.php(53): NBTSOW_WC_Product_Tabs_Widget->getCategories()
#1 /var/www/html/blog/wp-content/plugins/so-widgets-bundle/base/siteorigin-widget.class.php(91): NBTSOW_WC_Product_Tabs_Widget->initialize_form()
#2 /var/www/html/blog/wp-content/plugins/so-widgets-bundle/base/siteorigin-widget.class.php(99): SiteOrigin_Widget->get_widget_form()
#3 /var/www/html/blog/wp-content/plugins/so-widgets-bundle/base/siteorigin-widget.class.php(136): SiteOrigin_Widget->get_cached_widget_form()
#4 /var/www/html/blog/wp-content/plugins/so-widgets-bundle/base/siteorigin-widget.class.php(670): SiteOrigin_Widget->form_options()
#5 /var/www/html/blog/wp-content/plugins/siteorigin-panels/inc/admin

2018-02-11T14:27:05+00:00 CRITICAL Uncaught Error: Cannot use object of type WP_Error as array in /var/www/html/blog/wp-content/plugins/nbt-so-widgets/includes/widgets/nbtsow-tab-woocommerce-widget/nbtsow-tab-woocommerce-widget.php:78
Stack trace:
#0 /var/www/html/blog/wp-content/plugins/nbt-so-widgets/includes/widgets/nbtsow-tab-woocommerce-widget/nbtsow-tab-woocommerce-widget.php(53): NBTSOW_WC_Product_Tabs_Widget->getCategories()
#1 /var/www/html/blog/wp-content/plugins/so-widgets-bundle/base/siteorigin-widget.class.php(91): NBTSOW_WC_Product_Tabs_Widget->initialize_form()
#2 /var/www/html/blog/wp-content/plugins/so-widgets-bundle/base/siteorigin-widget.class.php(99): SiteOrigin_Widget->get_widget_form()
#3 /var/www/html/blog/wp-content/plugins/so-widgets-bundle/base/siteorigin-widget.class.php(136): SiteOrigin_Widget->get_cached_widget_form()
#4 /var/www/html/blog/wp-content/plugins/so-widgets-bundle/base/siteorigin-widget.class.php(670): SiteOrigin_Widget->form_options()
#5 /var/www/html/blog/wp-content/plugins/siteorigin-panels/inc/admin

2018-02-11T15:10:07+00:00 CRITICAL Uncaught Error: Cannot use object of type WP_Error as array in /var/www/html/blog/wp-content/plugins/nbt-so-widgets/includes/widgets/nbtsow-tab-woocommerce-widget/nbtsow-tab-woocommerce-widget.php:78
Stack trace:
#0 /var/www/html/blog/wp-content/plugins/nbt-so-widgets/includes/widgets/nbtsow-tab-woocommerce-widget/nbtsow-tab-woocommerce-widget.php(53): NBTSOW_WC_Product_Tabs_Widget->getCategories()
#1 /var/www/html/blog/wp-content/plugins/so-widgets-bundle/base/siteorigin-widget.class.php(91): NBTSOW_WC_Product_Tabs_Widget->initialize_form()
#2 /var/www/html/blog/wp-content/plugins/so-widgets-bundle/base/siteorigin-widget.class.php(99): SiteOrigin_Widget->get_widget_form()
#3 /var/www/html/blog/wp-content/plugins/so-widgets-bundle/base/siteorigin-widget.class.php(136): SiteOrigin_Widget->get_cached_widget_form()
#4 /var/www/html/blog/wp-content/plugins/so-widgets-bundle/base/siteorigin-widget.class.php(670): SiteOrigin_Widget->form_options()
#5 /var/www/html/blog/wp-content/plugins/siteorigin-panels/inc/admin

2018-02-11T20:15:29+00:00 CRITICAL Uncaught Error: Cannot use object of type WP_Error as array in /var/www/html/blog/wp-content/plugins/nbt-so-widgets/includes/widgets/nbtsow-tab-woocommerce-widget/nbtsow-tab-woocommerce-widget.php:78
Stack trace:
#0 /var/www/html/blog/wp-content/plugins/nbt-so-widgets/includes/widgets/nbtsow-tab-woocommerce-widget/nbtsow-tab-woocommerce-widget.php(53): NBTSOW_WC_Product_Tabs_Widget->getCategories()
#1 /var/www/html/blog/wp-content/plugins/so-widgets-bundle/base/siteorigin-widget.class.php(91): NBTSOW_WC_Product_Tabs_Widget->initialize_form()
#2 /var/www/html/blog/wp-content/plugins/so-widgets-bundle/base/siteorigin-widget.class.php(99): SiteOrigin_Widget->get_widget_form()
#3 /var/www/html/blog/wp-content/plugins/so-widgets-bundle/base/siteorigin-widget.class.php(136): SiteOrigin_Widget->get_cached_widget_form()
#4 /var/www/html/blog/wp-content/plugins/so-widgets-bundle/base/siteorigin-widget.class.php(670): SiteOrigin_Widget->form_options()
#5 /var/www/html/blog/wp-content/plugins/siteorigin-panels/inc/admin

2018-02-11T20:17:25+00:00 CRITICAL Uncaught Error: Cannot use object of type WP_Error as array in /var/www/html/blog/wp-content/plugins/nbt-so-widgets/includes/widgets/nbtsow-tab-woocommerce-widget/nbtsow-tab-woocommerce-widget.php:78
Stack trace:
#0 /var/www/html/blog/wp-content/plugins/nbt-so-widgets/includes/widgets/nbtsow-tab-woocommerce-widget/nbtsow-tab-woocommerce-widget.php(53): NBTSOW_WC_Product_Tabs_Widget->getCategories()
#1 /var/www/html/blog/wp-content/plugins/so-widgets-bundle/base/siteorigin-widget.class.php(91): NBTSOW_WC_Product_Tabs_Widget->initialize_form()
#2 /var/www/html/blog/wp-content/plugins/so-widgets-bundle/base/siteorigin-widget.class.php(99): SiteOrigin_Widget->get_widget_form()
#3 /var/www/html/blog/wp-content/plugins/so-widgets-bundle/base/siteorigin-widget.class.php(136): SiteOrigin_Widget->get_cached_widget_form()
#4 /var/www/html/blog/wp-content/plugins/so-widgets-bundle/base/siteorigin-widget.class.php(670): SiteOrigin_Widget->form_options()
#5 /var/www/html/blog/wp-content/plugins/siteorigin-panels/inc/admin

2018-02-11T20:17:31+00:00 CRITICAL Uncaught Error: Cannot use object of type WP_Error as array in /var/www/html/blog/wp-content/plugins/nbt-so-widgets/includes/widgets/nbtsow-tab-woocommerce-widget/nbtsow-tab-woocommerce-widget.php:78
Stack trace:
#0 /var/www/html/blog/wp-content/plugins/nbt-so-widgets/includes/widgets/nbtsow-tab-woocommerce-widget/nbtsow-tab-woocommerce-widget.php(53): NBTSOW_WC_Product_Tabs_Widget->getCategories()
#1 /var/www/html/blog/wp-content/plugins/so-widgets-bundle/base/siteorigin-widget.class.php(91): NBTSOW_WC_Product_Tabs_Widget->initialize_form()
#2 /var/www/html/blog/wp-content/plugins/so-widgets-bundle/base/siteorigin-widget.class.php(99): SiteOrigin_Widget->get_widget_form()
#3 /var/www/html/blog/wp-content/plugins/so-widgets-bundle/base/siteorigin-widget.class.php(136): SiteOrigin_Widget->get_cached_widget_form()
#4 /var/www/html/blog/wp-content/plugins/so-widgets-bundle/base/siteorigin-widget.class.php(670): SiteOrigin_Widget->form_options()
#5 /var/www/html/blog/wp-content/plugins/siteorigin-panels/inc/admin

2018-02-11T20:18:55+00:00 CRITICAL Uncaught Error: Cannot use object of type WP_Error as array in /var/www/html/blog/wp-content/plugins/nbt-so-widgets/includes/widgets/nbtsow-tab-woocommerce-widget/nbtsow-tab-woocommerce-widget.php:78
Stack trace:
#0 /var/www/html/blog/wp-content/plugins/nbt-so-widgets/includes/widgets/nbtsow-tab-woocommerce-widget/nbtsow-tab-woocommerce-widget.php(53): NBTSOW_WC_Product_Tabs_Widget->getCategories()
#1 /var/www/html/blog/wp-content/plugins/so-widgets-bundle/base/siteorigin-widget.class.php(91): NBTSOW_WC_Product_Tabs_Widget->initialize_form()
#2 /var/www/html/blog/wp-content/plugins/so-widgets-bundle/base/siteorigin-widget.class.php(99): SiteOrigin_Widget->get_widget_form()
#3 /var/www/html/blog/wp-content/plugins/so-widgets-bundle/base/siteorigin-widget.class.php(136): SiteOrigin_Widget->get_cached_widget_form()
#4 /var/www/html/blog/wp-content/plugins/so-widgets-bundle/base/siteorigin-widget.class.php(670): SiteOrigin_Widget->form_options()
#5 /var/www/html/blog/wp-content/plugins/siteorigin-panels/inc/admin

2018-02-11T20:21:00+00:00 CRITICAL Uncaught Error: Cannot use object of type WP_Error as array in /var/www/html/blog/wp-content/plugins/nbt-so-widgets/includes/widgets/nbtsow-tab-woocommerce-widget/nbtsow-tab-woocommerce-widget.php:78
Stack trace:
#0 /var/www/html/blog/wp-content/plugins/nbt-so-widgets/includes/widgets/nbtsow-tab-woocommerce-widget/nbtsow-tab-woocommerce-widget.php(53): NBTSOW_WC_Product_Tabs_Widget->getCategories()
#1 /var/www/html/blog/wp-content/plugins/so-widgets-bundle/base/siteorigin-widget.class.php(91): NBTSOW_WC_Product_Tabs_Widget->initialize_form()
#2 /var/www/html/blog/wp-content/plugins/so-widgets-bundle/base/siteorigin-widget.class.php(99): SiteOrigin_Widget->get_widget_form()
#3 /var/www/html/blog/wp-content/plugins/so-widgets-bundle/base/siteorigin-widget.class.php(136): SiteOrigin_Widget->get_cached_widget_form()
#4 /var/www/html/blog/wp-content/plugins/so-widgets-bundle/base/siteorigin-widget.class.php(670): SiteOrigin_Widget->form_options()
#5 /var/www/html/blog/wp-content/plugins/siteorigin-panels/inc/admin

2018-02-11T21:11:33+00:00 CRITICAL Uncaught Error: Cannot use object of type WP_Error as array in /var/www/html/blog/wp-content/plugins/nbt-so-widgets/includes/widgets/nbtsow-tab-woocommerce-widget/nbtsow-tab-woocommerce-widget.php:78
Stack trace:
#0 /var/www/html/blog/wp-content/plugins/nbt-so-widgets/includes/widgets/nbtsow-tab-woocommerce-widget/nbtsow-tab-woocommerce-widget.php(53): NBTSOW_WC_Product_Tabs_Widget->getCategories()
#1 /var/www/html/blog/wp-content/plugins/so-widgets-bundle/base/siteorigin-widget.class.php(91): NBTSOW_WC_Product_Tabs_Widget->initialize_form()
#2 /var/www/html/blog/wp-content/plugins/so-widgets-bundle/base/siteorigin-widget.class.php(99): SiteOrigin_Widget->get_widget_form()
#3 /var/www/html/blog/wp-content/plugins/so-widgets-bundle/base/siteorigin-widget.class.php(136): SiteOrigin_Widget->get_cached_widget_form()
#4 /var/www/html/blog/wp-content/plugins/so-widgets-bundle/base/siteorigin-widget.class.php(670): SiteOrigin_Widget->form_options()
#5 /var/www/html/blog/wp-content/plugins/siteorigin-panels/inc/admin

2018-02-11T21:16:46+00:00 CRITICAL Uncaught Error: Cannot use object of type WP_Error as array in /var/www/html/blog/wp-content/plugins/nbt-so-widgets/includes/widgets/nbtsow-tab-woocommerce-widget/nbtsow-tab-woocommerce-widget.php:78
Stack trace:
#0 /var/www/html/blog/wp-content/plugins/nbt-so-widgets/includes/widgets/nbtsow-tab-woocommerce-widget/nbtsow-tab-woocommerce-widget.php(53): NBTSOW_WC_Product_Tabs_Widget->getCategories()
#1 /var/www/html/blog/wp-content/plugins/so-widgets-bundle/base/siteorigin-widget.class.php(91): NBTSOW_WC_Product_Tabs_Widget->initialize_form()
#2 /var/www/html/blog/wp-content/plugins/so-widgets-bundle/base/siteorigin-widget.class.php(99): SiteOrigin_Widget->get_widget_form()
#3 /var/www/html/blog/wp-content/plugins/so-widgets-bundle/base/siteorigin-widget.class.php(136): SiteOrigin_Widget->get_cached_widget_form()
#4 /var/www/html/blog/wp-content/plugins/so-widgets-bundle/base/siteorigin-widget.class.php(670): SiteOrigin_Widget->form_options()
#5 /var/www/html/blog/wp-content/plugins/siteorigin-panels/inc/admin

2018-02-11T23:03:24+00:00 CRITICAL Uncaught Error: Cannot use object of type WP_Error as array in /var/www/html/blog/wp-content/plugins/nbt-so-widgets/includes/widgets/nbtsow-tab-woocommerce-widget/nbtsow-tab-woocommerce-widget.php:78
Stack trace:
#0 /var/www/html/blog/wp-content/plugins/nbt-so-widgets/includes/widgets/nbtsow-tab-woocommerce-widget/nbtsow-tab-woocommerce-widget.php(53): NBTSOW_WC_Product_Tabs_Widget->getCategories()
#1 /var/www/html/blog/wp-content/plugins/so-widgets-bundle/base/siteorigin-widget.class.php(91): NBTSOW_WC_Product_Tabs_Widget->initialize_form()
#2 /var/www/html/blog/wp-content/plugins/so-widgets-bundle/base/siteorigin-widget.class.php(99): SiteOrigin_Widget->get_widget_form()
#3 /var/www/html/blog/wp-content/plugins/so-widgets-bundle/base/siteorigin-widget.class.php(136): SiteOrigin_Widget->get_cached_widget_form()
#4 /var/www/html/blog/wp-content/plugins/so-widgets-bundle/base/siteorigin-widget.class.php(670): SiteOrigin_Widget->form_options()
#5 /var/www/html/blog/wp-content/plugins/siteorigin-panels/inc/admin

2018-02-13T18:40:57+00:00 CRITICAL Cannot use object of type WP_Error as array

